<?xml version="1.0" encoding="UTF-8"?>
<!-- Generated by org.testng.reporters.JUnitReportReporter -->
<testsuite hostname="DESKTOP-7RQM883" failures="0" tests="1" name="testCases.TC001_AccountRegistrationTest" time="13.352" errors="0" timestamp="2024-09-09T17:50:22 IST" skipped="0">
  <testcase classname="testCases.TC001_AccountRegistrationTest" name="verify_aacoutnt_registration" time="13.352"/>
</testsuite> <!-- testCases.TC001_AccountRegistrationTest -->
